<?xml version="1.0" encoding="UTF-8"?>
<coverage generated="1532703090000" clover="3.2.0">
  <project timestamp="1532703090000" name="All files">
    <metrics statements="15" coveredstatements="15" conditionals="2" coveredconditionals="2" methods="3" coveredmethods="2" elements="20" coveredelements="19" complexity="0" loc="15" ncloc="15" packages="4" files="5" classes="5">
      <package name="romarin">
        <metrics statements="3" coveredstatements="3" conditionals="0" coveredconditionals="0" methods="0" coveredmethods="0"/>
        <file name="setupTests.js" path="/Users/timmygarrabrant/Dev/romarin/setupTests.js">
          <metrics statements="3" coveredstatements="3" conditionals="0" coveredconditionals="0" methods="0" coveredmethods="0"/>
          <line num="4" count="2" type="stmt"/>
          <line num="6" count="2" type="stmt"/>
          <line num="8" count="2" type="stmt"/>
        </file>
      </package>
      <package name="romarin.storybook.stories.Button">
        <metrics statements="8" coveredstatements="8" conditionals="0" coveredconditionals="0" methods="2" coveredmethods="1"/>
        <file name="IconButton.js" path="/Users/timmygarrabrant/Dev/romarin/storybook/stories/Button/IconButton.js">
          <metrics statements="8" coveredstatements="8" conditionals="0" coveredconditionals="0" methods="2" coveredmethods="1"/>
          <line num="8" count="1" type="stmt"/>
          <line num="23" count="1" type="stmt"/>
          <line num="24" count="1" type="stmt"/>
          <line num="31" count="1" type="stmt"/>
          <line num="38" count="1" type="stmt"/>
          <line num="40" count="1" type="stmt"/>
          <line num="60" count="1" type="stmt"/>
          <line num="68" count="1" type="stmt"/>
        </file>
      </package>
      <package name="romarin.storybook.stories.Text">
        <metrics statements="3" coveredstatements="3" conditionals="2" coveredconditionals="2" methods="1" coveredmethods="1"/>
        <file name="Text.js" path="/Users/timmygarrabrant/Dev/romarin/storybook/stories/Text/Text.js">
          <metrics statements="3" coveredstatements="3" conditionals="2" coveredconditionals="2" methods="1" coveredmethods="1"/>
          <line num="6" count="1" type="stmt"/>
          <line num="7" count="7" type="stmt"/>
          <line num="15" count="7" type="stmt"/>
        </file>
      </package>
      <package name="romarin.storybook.theme">
        <metrics statements="1" coveredstatements="1" conditionals="0" coveredconditionals="0" methods="0" coveredmethods="0"/>
        <file name="color.js" path="/Users/timmygarrabrant/Dev/romarin/storybook/theme/color.js">
          <metrics statements="1" coveredstatements="1" conditionals="0" coveredconditionals="0" methods="0" coveredmethods="0"/>
          <line num="1" count="2" type="stmt"/>
        </file>
        <file name="index.js" path="/Users/timmygarrabrant/Dev/romarin/storybook/theme/index.js">
          <metrics statements="0" coveredstatements="0" conditionals="0" coveredconditionals="0" methods="0" coveredmethods="0"/>
        </file>
      </package>
    </metrics>
  </project>
</coverage>
