{"/Users/timmygarrabrant/Dev/romarin/setupTests.js": {"path":"/Users/timmygarrabrant/Dev/romarin/setupTests.js","statementMap":{"0":{"start":{"line":4,"column":0},"end":{"line":4,"column":25}},"1":{"start":{"line":6,"column":0},"end":{"line":6,"column":25}},"2":{"start":{"line":8,"column":0},"end":{"line":8,"column":45}}},"fnMap":{},"branchMap":{},"s":{"0":2,"1":2,"2":2},"f":{},"b":{},"_coverageSchema":"332fd63041d2c1bcb487cc26dd0d5f7d97098a6c","hash":"da830d61669a0b0d9c9ed543ba331aa2f3bf09be"}
,"/Users/timmygarrabrant/Dev/romarin/storybook/stories/Button/IconButton.js": {"path":"/Users/timmygarrabrant/Dev/romarin/storybook/stories/Button/IconButton.js","statementMap":{"0":{"start":{"line":8,"column":15},"end":{"line":21,"column":2}},"1":{"start":{"line":23,"column":19},"end":{"line":58,"column":1}},"2":{"start":{"line":24,"column":21},"end":{"line":30,"column":2}},"3":{"start":{"line":31,"column":19},"end":{"line":37,"column":2}},"4":{"start":{"line":38,"column":57},"end":{"line":38,"column":62}},"5":{"start":{"line":40,"column":1},"end":{"line":57,"column":3}},"6":{"start":{"line":60,"column":0},"end":{"line":66,"column":2}},"7":{"start":{"line":68,"column":0},"end":{"line":74,"column":2}}},"fnMap":{"0":{"name":"(anonymous_0)","decl":{"start":{"line":23,"column":19},"end":{"line":23,"column":20}},"loc":{"start":{"line":23,"column":28},"end":{"line":58,"column":1}},"line":23},"1":{"name":"(anonymous_1)","decl":{"start":{"line":73,"column":10},"end":{"line":73,"column":11}},"loc":{"start":{"line":73,"column":16},"end":{"line":73,"column":18}},"line":73}},"branchMap":{},"s":{"0":1,"1":1,"2":1,"3":1,"4":1,"5":1,"6":1,"7":1},"f":{"0":1,"1":0},"b":{},"_coverageSchema":"332fd63041d2c1bcb487cc26dd0d5f7d97098a6c","hash":"e0217c46869f418a82b682a77b0aea00c42bca23"}
,"/Users/timmygarrabrant/Dev/romarin/storybook/stories/Text/Text.js": {"path":"/Users/timmygarrabrant/Dev/romarin/storybook/stories/Text/Text.js","statementMap":{"0":{"start":{"line":6,"column":20},"end":{"line":25,"column":1}},"1":{"start":{"line":7,"column":19},"end":{"line":13,"column":2}},"2":{"start":{"line":15,"column":1},"end":{"line":24,"column":3}}},"fnMap":{"0":{"name":"(anonymous_0)","decl":{"start":{"line":6,"column":20},"end":{"line":6,"column":21}},"loc":{"start":{"line":6,"column":29},"end":{"line":25,"column":1}},"line":6}},"branchMap":{"0":{"loc":{"start":{"line":19,"column":11},"end":{"line":19,"column":63}},"type":"cond-expr","locations":[{"start":{"line":19,"column":25},"end":{"line":19,"column":45}},{"start":{"line":19,"column":48},"end":{"line":19,"column":63}}],"line":19}},"s":{"0":1,"1":7,"2":7},"f":{"0":7},"b":{"0":[1,6]},"_coverageSchema":"332fd63041d2c1bcb487cc26dd0d5f7d97098a6c","hash":"796a213a02512999f5efffbc83433ff7f99eef91"}
,"/Users/timmygarrabrant/Dev/romarin/storybook/theme/color.js": {"path":"/Users/timmygarrabrant/Dev/romarin/storybook/theme/color.js","statementMap":{"0":{"start":{"line":1,"column":13},"end":{"line":16,"column":1}}},"fnMap":{},"branchMap":{},"s":{"0":2},"f":{},"b":{},"_coverageSchema":"332fd63041d2c1bcb487cc26dd0d5f7d97098a6c","hash":"8b01cf84b78c59024de55c3ca0a778ddf08f740e"}
,"/Users/timmygarrabrant/Dev/romarin/storybook/theme/index.js": {"path":"/Users/timmygarrabrant/Dev/romarin/storybook/theme/index.js","statementMap":{},"fnMap":{},"branchMap":{},"s":{},"f":{},"b":{},"_coverageSchema":"332fd63041d2c1bcb487cc26dd0d5f7d97098a6c","hash":"14d55b321667edb30c55bdf669e75d39d9c0c296"}
}
