TN:
SF:/Users/timmygarrabrant/Dev/romarin/setupTests.js
FNF:0
FNH:0
DA:4,2
DA:6,2
DA:8,2
LF:3
LH:3
BRF:0
BRH:0
end_of_record
TN:
SF:/Users/timmygarrabrant/Dev/romarin/storybook/stories/Button/IconButton.js
FN:23,(anonymous_0)
FN:73,(anonymous_1)
FNF:2
FNH:1
FNDA:1,(anonymous_0)
FNDA:0,(anonymous_1)
DA:8,1
DA:23,1
DA:24,1
DA:31,1
DA:38,1
DA:40,1
DA:60,1
DA:68,1
LF:8
LH:8
BRF:0
BRH:0
end_of_record
TN:
SF:/Users/timmygarrabrant/Dev/romarin/storybook/stories/Text/Text.js
FN:6,(anonymous_0)
FNF:1
FNH:1
FNDA:7,(anonymous_0)
DA:6,1
DA:7,7
DA:15,7
LF:3
LH:3
BRDA:19,0,0,1
BRDA:19,0,1,6
BRF:2
BRH:2
end_of_record
TN:
SF:/Users/timmygarrabrant/Dev/romarin/storybook/theme/color.js
FNF:0
FNH:0
DA:1,2
LF:1
LH:1
BRF:0
BRH:0
end_of_record
TN:
SF:/Users/timmygarrabrant/Dev/romarin/storybook/theme/index.js
FNF:0
FNH:0
LF:0
LH:0
BRF:0
BRH:0
end_of_record
